2021/05/14 21:33:50	This log contains information about the import schema operation into project 'Clientele.Data' on computer 'DESKTOP-S4SOV77' by user 'Kmala'.
2021/05/14 21:33:50	Import of database schema has started.
2021/05/14 21:33:54	Gathering database credentials
2021/05/14 21:33:54	Gathering database options
2021/05/14 21:33:54	Gathering generic database scoped configuration option
2021/05/14 21:33:54	Gathering users
2021/05/14 21:33:54	Gathering roles
2021/05/14 21:33:54	Gathering application roles
2021/05/14 21:33:54	Gathering role memberships
2021/05/14 21:33:54	Gathering filegroups
2021/05/14 21:33:54	Gathering full-text catalogs
2021/05/14 21:33:54	Gathering assemblies
2021/05/14 21:33:54	Gathering certificates
2021/05/14 21:33:54	Gathering asymmetric keys
2021/05/14 21:33:54	Gathering symmetric keys
2021/05/14 21:33:54	Gathering encrypted symmetric keys
2021/05/14 21:33:54	Gathering schemas
2021/05/14 21:33:54	Gathering XML schema collections
2021/05/14 21:33:54	Gathering user-defined data types
2021/05/14 21:33:54	Gathering user-defined types
2021/05/14 21:33:54	Gathering table types
2021/05/14 21:33:54	Gathering unique keys for table types
2021/05/14 21:33:54	Gathering primary keys for table types
2021/05/14 21:33:54	Gathering indexes for table types
2021/05/14 21:33:54	Gathering check constraints for table types
2021/05/14 21:33:54	Gathering default constraints for table types
2021/05/14 21:33:54	Gathering partition functions
2021/05/14 21:33:54	Gathering partition schemes
2021/05/14 21:33:54	Gathering functions
2021/05/14 21:33:54	Gathering encrypted functions
2021/05/14 21:33:54	Gathering aggregates
2021/05/14 21:33:54	Gathering procedures
2021/05/14 21:33:54	Gathering encrypted procedures
2021/05/14 21:33:54	Gathering tables
2021/05/14 21:33:54	Gathering primary keys
2021/05/14 21:33:54	Gathering unique constraints
2021/05/14 21:33:54	Gathering foreign keys
2021/05/14 21:33:54	Gathering default constraints
2021/05/14 21:33:54	Gathering check constraints
2021/05/14 21:33:54	Gathering views
2021/05/14 21:33:54	Gathering encrypted views
2021/05/14 21:33:54	Gathering indexes
2021/05/14 21:33:54	Gathering statistics
2021/05/14 21:33:54	Gathering full-text index stoplists
2021/05/14 21:33:54	Gathering search property lists
2021/05/14 21:33:54	Gathering search properties
2021/05/14 21:33:54	Gathering full-text indexes
2021/05/14 21:33:54	Gathering column store indexes
2021/05/14 21:33:54	Gathering spatial indexes
2021/05/14 21:33:54	Gathering XML indexes
2021/05/14 21:33:54	Gathering Selective XML indexes
2021/05/14 21:33:54	Gathering encrypted triggers
2021/05/14 21:33:54	Gathering triggers
2021/05/14 21:33:54	Gathering encrypted and clr ddl triggers
2021/05/14 21:33:54	Gathering ddl triggers
2021/05/14 21:33:54	Gathering synonyms
2021/05/14 21:33:54	Gathering defaults
2021/05/14 21:33:54	Gathering data constraint uddt bindings
2021/05/14 21:33:54	Gathering rules
2021/05/14 21:33:54	Gathering data constraint uddt bindings
2021/05/14 21:33:54	Gathering message types
2021/05/14 21:33:54	Gathering queues
2021/05/14 21:33:54	Gathering contracts
2021/05/14 21:33:54	Gathering services
2021/05/14 21:33:54	Gathering event notifications
2021/05/14 21:33:54	Gathering remote service bindings
2021/05/14 21:33:54	Gathering broker priorities
2021/05/14 21:33:54	Gathering signatures
2021/05/14 21:33:54	Gathering data compression options
2021/05/14 21:33:54	Gathering sequence types
2021/05/14 21:33:54	Gathering security policies
2021/05/14 21:33:55	Gather column encryption keys
2021/05/14 21:33:55	Gathering column master keys
2021/05/14 21:33:55	Gathering external data sources
2021/05/14 21:33:55	Gathering external file formats
2021/05/14 21:33:55	Gathering external tables
2021/05/14 21:33:55	Gathering extended properties
2021/05/14 21:33:57	Gathering credentials
2021/05/14 21:33:57	Gathering logins
2021/05/14 21:33:57	Gathering server audits
2021/05/14 21:33:57	Scanning project for duplicate elements
2021/05/14 21:33:57	Finished duplicate element processing
2021/05/14 21:33:58	Finished importing database.
2021/05/14 21:33:58	A summary of the import was saved to the following location: D:\Repos\Clientele\Clientele\Clientele.Data\Import Schema Logs\Clientele.Data_20210514073350.log
2021/05/14 21:33:58	Click Finish to continue...
